<?xml version="1.0" encoding="UTF-8"?>
<testsuite name="com.kodilla.testing.forum.statistics.ForumStatisticsTestSuite" tests="5" skipped="0" failures="0" errors="0" timestamp="2018-04-23T13:02:08" hostname="marcinsHP" time="0.194">
  <properties/>
  <testcase name="TestCalculateAdvStatistic0UserPostCountCommentCount" classname="com.kodilla.testing.forum.statistics.ForumStatisticsTestSuite" time="0.19"/>
  <testcase name="TestCalculateAdvStatisticUserPostCountCommentCount" classname="com.kodilla.testing.forum.statistics.ForumStatisticsTestSuite" time="0.001"/>
  <testcase name="TestCalculateAdvStatistic0ALLCount" classname="com.kodilla.testing.forum.statistics.ForumStatisticsTestSuite" time="0.001"/>
  <testcase name="TestCalculateAdvStatisticPostCountGreaterThenCommentCount" classname="com.kodilla.testing.forum.statistics.ForumStatisticsTestSuite" time="0.001"/>
  <testcase name="TestCalculateAdvStatistic0User0PostCountCommentCount" classname="com.kodilla.testing.forum.statistics.ForumStatisticsTestSuite" time="0.001"/>
  <system-out><![CDATA[]]></system-out>
  <system-err><![CDATA[]]></system-err>
</testsuite>
