<?xml version="1.0" encoding="UTF-8"?>
<testsuite name="com.kodilla.patterns.singleton.LoggerTestSuite" tests="1" skipped="0" failures="0" errors="0" timestamp="2018-06-04T19:26:27" hostname="marcinsHP" time="0.001">
  <properties/>
  <testcase name="testGetLAstLog" classname="com.kodilla.patterns.singleton.LoggerTestSuite" time="0.001"/>
  <system-out><![CDATA[Log: [First log]
]]></system-out>
  <system-err><![CDATA[]]></system-err>
</testsuite>
