<?xml version="1.0" encoding="UTF-8"?>
<testsuite name="com.kodilla.patterns.builder.bigmac.BigmacTestSuite" tests="1" skipped="0" failures="0" errors="0" timestamp="2018-06-04T19:26:27" hostname="marcinsHP" time="0.004">
  <properties/>
  <testcase name="testBigMacBuilder" classname="com.kodilla.patterns.builder.bigmac.BigmacTestSuite" time="0.004"/>
  <system-out><![CDATA[]]></system-out>
  <system-err><![CDATA[]]></system-err>
</testsuite>
