<?xml version="1.0" encoding="UTF-8"?>
<testsuite name="com.kodilla.patterns.factory.tasks.TaskFactoryTestSuite" tests="2" skipped="0" failures="0" errors="0" timestamp="2018-08-10T10:48:52" hostname="marcinsHP" time="0.005">
  <properties/>
  <testcase name="executedTest" classname="com.kodilla.patterns.factory.tasks.TaskFactoryTestSuite" time="0.004"/>
  <testcase name="classTypeTest" classname="com.kodilla.patterns.factory.tasks.TaskFactoryTestSuite" time="0.001"/>
  <system-out><![CDATA[Executing Driving Task
Executing Shopping Task
Executing Paining Task
]]></system-out>
  <system-err><![CDATA[]]></system-err>
</testsuite>
