<?xml version="1.0" encoding="UTF-8"?>
<testsuite name="com.kodilla.patterns.singleton.prototype.library.LibraryTestSuite" tests="2" skipped="0" failures="0" errors="0" timestamp="2018-06-04T19:26:27" hostname="marcinsHP" time="0.004">
  <properties/>
  <testcase name="testGetBooks" classname="com.kodilla.patterns.singleton.prototype.library.LibraryTestSuite" time="0.004"/>
  <testcase name="testGetName" classname="com.kodilla.patterns.singleton.prototype.library.LibraryTestSuite" time="0.0"/>
  <system-out><![CDATA[]]></system-out>
  <system-err><![CDATA[]]></system-err>
</testsuite>
