<?xml version="1.0" encoding="UTF-8"?>
<testsuite name="com.kodilla.spring.intro.shape.DrawerTestSuite" tests="1" skipped="0" failures="0" errors="0" timestamp="2018-05-17T13:07:15" hostname="marcinsHP" time="0.013">
  <properties/>
  <testcase name="testDoDrawing" classname="com.kodilla.spring.intro.shape.DrawerTestSuite" time="0.013"/>
  <system-out><![CDATA[This is a circle
This is a triangle
]]></system-out>
  <system-err><![CDATA[]]></system-err>
</testsuite>
