<?xml version="1.0" encoding="UTF-8"?>
<testsuite name="com.kodilla.jdbc.DbManagerTestSuite" tests="3" skipped="0" failures="0" errors="0" timestamp="2018-05-28T12:18:58" hostname="marcinsHP" time="0.229">
  <properties/>
  <testcase name="testSelectUsers" classname="com.kodilla.jdbc.DbManagerTestSuite" time="0.227"/>
  <testcase name="testConnect" classname="com.kodilla.jdbc.DbManagerTestSuite" time="0.001"/>
  <testcase name="testSelectUsersAndPosts" classname="com.kodilla.jdbc.DbManagerTestSuite" time="0.001"/>
  <system-out><![CDATA[1, Zachary, Lee
2, Stephanie, Kovalsky
3, Thomas, Landgren
4, John, Thomson
5, John, Smith
3, Zachary, Lee
]]></system-out>
  <system-err><![CDATA[]]></system-err>
</testsuite>
