<?xml version="1.0" encoding="UTF-8"?>
<testsuite name="com.kodilla.exception.test.FlightTestSuite" tests="3" skipped="0" failures="0" errors="0" timestamp="2018-08-10T10:48:27" hostname="marcinsHP" time="0.01">
  <properties/>
  <testcase name="checkFromCityInMapToCityInMap" classname="com.kodilla.exception.test.FlightTestSuite" time="0.008"/>
  <testcase name="checkFromCityInMapToCityNotInMap" classname="com.kodilla.exception.test.FlightTestSuite" time="0.0"/>
  <testcase name="checkFromCityNotInMap" classname="com.kodilla.exception.test.FlightTestSuite" time="0.001"/>
  <system-out><![CDATA[]]></system-out>
  <system-err><![CDATA[]]></system-err>
</testsuite>
